  Entity.cpp
D:\WorkDir\KNEngine\KNEngine\Engine\src\include\linmath.h(587,18): warning C4244: “参数”: 从“double”转换到“float”，可能丢失数据
  (编译源文件“src/Entity.cpp”)
  
D:\WorkDir\KNEngine\KNEngine\Engine\src\include\linmath.h(593,18): warning C4244: “参数”: 从“double”转换到“float”，可能丢失数据
  (编译源文件“src/Entity.cpp”)
  
D:\WorkDir\KNEngine\KNEngine\Engine\src\include\linmath.h(604,51): warning C4244: “初始化”: 从“double”转换到“float”，可能丢失数据
  (编译源文件“src/Entity.cpp”)
  
D:\WorkDir\KNEngine\KNEngine\Engine\src\include\linmath.h(604,20): warning C4244: “初始化”: 从“double”转换到“const float”，可能丢失数据
  (编译源文件“src/Entity.cpp”)
  
D:\WorkDir\KNEngine\KNEngine\Engine\src\core\main.h(12,32): warning C4251: “engine::Game::instance_”:“std::unique_ptr<engine::Game,std::default_delete<engine::Game>>”需要有 dll 接口以供“engine::Game”的客户端使用
  (编译源文件“src/Entity.cpp”)
      D:\IDEs\Microsoft Visual Studio\VC\Tools\MSVC\14.42.34433\include\memory(3335,7):
      参见“std::unique_ptr<engine::Game,std::default_delete<engine::Game>>”的声明
  
D:\WorkDir\KNEngine\KNEngine\Engine\src\core\main.h(20,10): warning C4251: “engine::Game::wnd”:“engine::Window”需要有 dll 接口以供“engine::Game”的客户端使用
  (编译源文件“src/Entity.cpp”)
      D:\WorkDir\KNEngine\KNEngine\Engine\src\core\window.h(13,8):
      参见“engine::Window”的声明
  
  Game.cpp
D:\WorkDir\KNEngine\KNEngine\Engine\src\include\linmath.h(587,18): warning C4244: “参数”: 从“double”转换到“float”，可能丢失数据
  (编译源文件“src/Game.cpp”)
  
D:\WorkDir\KNEngine\KNEngine\Engine\src\include\linmath.h(593,18): warning C4244: “参数”: 从“double”转换到“float”，可能丢失数据
  (编译源文件“src/Game.cpp”)
  
D:\WorkDir\KNEngine\KNEngine\Engine\src\include\linmath.h(604,51): warning C4244: “初始化”: 从“double”转换到“float”，可能丢失数据
  (编译源文件“src/Game.cpp”)
  
D:\WorkDir\KNEngine\KNEngine\Engine\src\include\linmath.h(604,20): warning C4244: “初始化”: 从“double”转换到“const float”，可能丢失数据
  (编译源文件“src/Game.cpp”)
  
D:\WorkDir\KNEngine\KNEngine\Engine\src\core\main.h(12,32): warning C4251: “engine::Game::instance_”:“std::unique_ptr<engine::Game,std::default_delete<engine::Game>>”需要有 dll 接口以供“engine::Game”的客户端使用
  (编译源文件“src/Game.cpp”)
      D:\IDEs\Microsoft Visual Studio\VC\Tools\MSVC\14.42.34433\include\memory(3335,7):
      参见“std::unique_ptr<engine::Game,std::default_delete<engine::Game>>”的声明
  
D:\WorkDir\KNEngine\KNEngine\Engine\src\core\main.h(20,10): warning C4251: “engine::Game::wnd”:“engine::Window”需要有 dll 接口以供“engine::Game”的客户端使用
  (编译源文件“src/Game.cpp”)
      D:\WorkDir\KNEngine\KNEngine\Engine\src\core\window.h(13,8):
      参见“engine::Window”的声明
  
  正在生成代码...
  Game.vcxproj -> D:\WorkDir\KNEngine\KNEngine\bin\x64-Debug\Game\Game.exe
  D:\WorkDir\KNEngine\KNEngine\bin\x64-Debug\Game\..\Engine\Engine.dll
  复制了 1 个文件
